Wed Apr 16 18:42:44 UTC 2025
Thu Apr 17 13:34:02 UTC 2025
Fri Apr 18 13:15:36 UTC 2025
Sat Apr 19 13:02:41 UTC 2025
Sun Apr 20 13:14:05 UTC 2025
Mon Apr 21 13:17:36 UTC 2025
Tue Apr 22 13:35:06 UTC 2025
Wed Apr 23 13:36:00 UTC 2025
Thu Apr 24 13:36:43 UTC 2025
Fri Apr 25 13:33:34 UTC 2025
Sat Apr 26 13:04:09 UTC 2025
Sun Apr 27 13:04:29 UTC 2025
Mon Apr 28 13:50:12 UTC 2025
Tue Apr 29 13:44:30 UTC 2025
Wed Apr 30 13:35:09 UTC 2025
Thu May  1 13:17:55 UTC 2025
Fri May  2 13:34:05 UTC 2025
Sat May  3 13:13:12 UTC 2025
Sun May  4 13:13:58 UTC 2025
Mon May  5 13:36:14 UTC 2025
Tue May  6 13:40:32 UTC 2025
Wed May  7 13:43:00 UTC 2025
Thu May  8 13:35:33 UTC 2025
Fri May  9 13:35:32 UTC 2025
Sat May 10 13:13:27 UTC 2025
Sun May 11 13:13:46 UTC 2025
Mon May 12 13:42:32 UTC 2025
Tue May 13 13:43:21 UTC 2025
Wed May 14 13:37:48 UTC 2025
Thu May 15 13:37:27 UTC 2025
Fri May 16 13:37:05 UTC 2025
Sat May 17 13:14:04 UTC 2025
Sun May 18 12:34:56 UTC 2025
Mon May 19 12:40:17 UTC 2025
Tue May 20 12:40:13 UTC 2025
Wed May 21 12:39:08 UTC 2025
Thu May 22 12:39:38 UTC 2025
Fri May 23 12:37:54 UTC 2025
Sat May 24 12:34:47 UTC 2025
Sun May 25 12:35:03 UTC 2025
Mon May 26 12:37:54 UTC 2025
Tue May 27 12:40:17 UTC 2025
Wed May 28 12:39:54 UTC 2025
Thu May 29 12:38:49 UTC 2025
Fri May 30 12:38:33 UTC 2025
Sat May 31 12:35:31 UTC 2025
Sun Jun  1 12:36:19 UTC 2025
Mon Jun  2 12:39:56 UTC 2025
Tue Jun  3 12:40:15 UTC 2025
Wed Jun  4 12:40:17 UTC 2025
Thu Jun  5 12:39:54 UTC 2025
Fri Jun  6 12:38:47 UTC 2025
Sat Jun  7 12:35:33 UTC 2025
Sun Jun  8 12:35:29 UTC 2025
Mon Jun  9 12:39:49 UTC 2025
Tue Jun 10 12:40:33 UTC 2025
Wed Jun 11 12:40:18 UTC 2025
Thu Jun 12 12:39:31 UTC 2025
Fri Jun 13 12:39:13 UTC 2025
Sat Jun 14 12:35:45 UTC 2025
Sun Jun 15 12:36:10 UTC 2025
Mon Jun 16 12:40:57 UTC 2025
Tue Jun 17 12:40:42 UTC 2025
Wed Jun 18 12:40:41 UTC 2025
Thu Jun 19 12:40:00 UTC 2025
Fri Jun 20 12:39:44 UTC 2025
Sat Jun 21 12:36:03 UTC 2025
Sun Jun 22 12:35:56 UTC 2025
Mon Jun 23 12:41:21 UTC 2025
Tue Jun 24 12:40:32 UTC 2025
Wed Jun 25 12:41:09 UTC 2025
Thu Jun 26 12:40:25 UTC 2025
Fri Jun 27 12:39:30 UTC 2025
Sat Jun 28 12:36:20 UTC 2025
Sun Jun 29 12:36:51 UTC 2025
Mon Jun 30 12:40:17 UTC 2025
Tue Jul  1 12:40:38 UTC 2025
Wed Jul  2 12:40:16 UTC 2025
Thu Jul  3 12:39:34 UTC 2025
Fri Jul  4 12:39:37 UTC 2025
Sat Jul  5 12:36:18 UTC 2025
Sun Jul  6 12:36:51 UTC 2025
Mon Jul  7 12:40:33 UTC 2025
Tue Jul  8 12:40:57 UTC 2025
Wed Jul  9 12:40:45 UTC 2025
Thu Jul 10 12:41:31 UTC 2025
Fri Jul 11 12:39:54 UTC 2025
Sat Jul 12 12:37:17 UTC 2025
Sun Jul 13 12:37:57 UTC 2025
Mon Jul 14 12:42:14 UTC 2025
Tue Jul 15 12:42:20 UTC 2025
Wed Jul 16 12:42:46 UTC 2025
Thu Jul 17 12:41:59 UTC 2025
Fri Jul 18 12:41:51 UTC 2025
Sat Jul 19 12:38:30 UTC 2025
Sun Jul 20 12:38:51 UTC 2025
Mon Jul 21 12:43:50 UTC 2025
Tue Jul 22 12:42:43 UTC 2025
Wed Jul 23 12:43:10 UTC 2025
Thu Jul 24 12:43:19 UTC 2025
Fri Jul 25 12:42:03 UTC 2025
Sat Jul 26 12:38:50 UTC 2025
Sun Jul 27 12:40:02 UTC 2025
Mon Jul 28 12:44:56 UTC 2025
Tue Jul 29 12:45:25 UTC 2025
Wed Jul 30 12:44:59 UTC 2025
Thu Jul 31 12:42:32 UTC 2025
Fri Aug  1 12:42:57 UTC 2025
Sat Aug  2 12:39:16 UTC 2025
Sun Aug  3 12:41:05 UTC 2025
Mon Aug  4 12:46:21 UTC 2025
Tue Aug  5 12:46:49 UTC 2025
Wed Aug  6 12:46:32 UTC 2025
Thu Aug  7 12:45:45 UTC 2025
Fri Aug  8 12:43:44 UTC 2025
Sat Aug  9 12:38:39 UTC 2025
Sun Aug 10 12:39:19 UTC 2025
Mon Aug 11 12:43:33 UTC 2025
Tue Aug 12 12:40:58 UTC 2025
Wed Aug 13 12:41:42 UTC 2025
Thu Aug 14 12:42:21 UTC 2025
Fri Aug 15 12:39:08 UTC 2025
Sat Aug 16 12:37:23 UTC 2025
Sun Aug 17 12:38:04 UTC 2025
Mon Aug 18 12:42:15 UTC 2025
Tue Aug 19 12:39:42 UTC 2025
Wed Aug 20 12:39:35 UTC 2025
Thu Aug 21 12:38:59 UTC 2025
Fri Aug 22 12:38:18 UTC 2025
Sat Aug 23 12:35:17 UTC 2025
Sun Aug 24 12:35:57 UTC 2025
Mon Aug 25 12:40:14 UTC 2025
Tue Aug 26 12:41:23 UTC 2025
Wed Aug 27 12:38:35 UTC 2025
Thu Aug 28 12:38:28 UTC 2025
Fri Aug 29 12:37:46 UTC 2025
Sat Aug 30 12:34:21 UTC 2025
Sun Aug 31 12:34:51 UTC 2025
Mon Sep  1 12:39:16 UTC 2025
Tue Sep  2 12:39:11 UTC 2025
Wed Sep  3 12:37:36 UTC 2025
Thu Sep  4 12:36:14 UTC 2025
Fri Sep  5 12:36:56 UTC 2025
Sat Sep  6 12:32:48 UTC 2025
Sun Sep  7 12:33:46 UTC 2025
Mon Sep  8 12:39:50 UTC 2025
Tue Sep  9 12:40:05 UTC 2025
Wed Sep 10 12:37:22 UTC 2025
Thu Sep 11 12:36:49 UTC 2025
Fri Sep 12 12:36:22 UTC 2025
Sat Sep 13 12:33:02 UTC 2025
Sun Sep 14 12:32:58 UTC 2025
Mon Sep 15 12:38:09 UTC 2025
Tue Sep 16 12:38:06 UTC 2025
Wed Sep 17 12:38:31 UTC 2025
Thu Sep 18 12:37:40 UTC 2025
Fri Sep 19 12:38:04 UTC 2025
Sat Sep 20 12:34:44 UTC 2025
Sun Sep 21 12:34:13 UTC 2025
Mon Sep 22 12:39:10 UTC 2025
Tue Sep 23 12:37:53 UTC 2025
Wed Sep 24 12:38:27 UTC 2025
Thu Sep 25 12:39:20 UTC 2025
Fri Sep 26 12:38:32 UTC 2025
Sat Sep 27 12:33:57 UTC 2025
Sun Sep 28 12:34:16 UTC 2025
Mon Sep 29 12:40:22 UTC 2025
Tue Sep 30 12:40:29 UTC 2025
Wed Oct  1 12:40:23 UTC 2025
Thu Oct  2 12:37:00 UTC 2025
Fri Oct  3 12:37:14 UTC 2025
Sat Oct  4 12:33:50 UTC 2025
Sun Oct  5 12:34:10 UTC 2025
Mon Oct  6 12:39:39 UTC 2025
Tue Oct  7 12:39:18 UTC 2025
Wed Oct  8 12:39:29 UTC 2025
Thu Oct  9 12:39:16 UTC 2025
Fri Oct 10 12:38:54 UTC 2025
Sat Oct 11 12:33:52 UTC 2025
Sun Oct 12 12:34:24 UTC 2025
Mon Oct 13 12:39:22 UTC 2025
Tue Oct 14 12:41:10 UTC 2025
Wed Oct 15 12:40:50 UTC 2025
Thu Oct 16 12:40:56 UTC 2025
Fri Oct 17 12:38:54 UTC 2025
Sat Oct 18 12:35:00 UTC 2025
Sun Oct 19 12:34:54 UTC 2025
Mon Oct 20 12:40:27 UTC 2025
Tue Oct 21 12:41:00 UTC 2025
Wed Oct 22 12:41:23 UTC 2025
Thu Oct 23 12:41:02 UTC 2025
Fri Oct 24 12:40:54 UTC 2025
Sat Oct 25 12:34:58 UTC 2025
Sun Oct 26 12:35:43 UTC 2025
Mon Oct 27 12:41:39 UTC 2025
Tue Oct 28 12:39:44 UTC 2025
Wed Oct 29 12:41:24 UTC 2025
Thu Oct 30 12:40:16 UTC 2025
Fri Oct 31 12:40:05 UTC 2025
Sat Nov  1 12:35:15 UTC 2025
Sun Nov  2 12:34:43 UTC 2025
Mon Nov  3 12:41:13 UTC 2025
Tue Nov  4 12:42:46 UTC 2025
Wed Nov  5 12:40:37 UTC 2025
Thu Nov  6 12:40:32 UTC 2025
Fri Nov  7 12:39:24 UTC 2025
Sat Nov  8 12:35:23 UTC 2025
Sun Nov  9 12:35:20 UTC 2025
Mon Nov 10 12:40:59 UTC 2025
Tue Nov 11 12:40:53 UTC 2025
Wed Nov 12 12:41:44 UTC 2025
Thu Nov 13 12:42:26 UTC 2025
Fri Nov 14 12:40:30 UTC 2025
Sat Nov 15 12:35:55 UTC 2025
Sun Nov 16 12:35:55 UTC 2025
Mon Nov 17 12:41:11 UTC 2025
Tue Nov 18 12:41:17 UTC 2025
Wed Nov 19 12:41:37 UTC 2025
Thu Nov 20 12:40:30 UTC 2025
Fri Nov 21 12:39:20 UTC 2025
Sat Nov 22 12:35:08 UTC 2025
Sun Nov 23 12:35:01 UTC 2025
Mon Nov 24 12:41:31 UTC 2025
Tue Nov 25 12:42:12 UTC 2025
Wed Nov 26 12:42:57 UTC 2025
Thu Nov 27 12:42:04 UTC 2025
Fri Nov 28 12:40:48 UTC 2025
Sat Nov 29 12:37:48 UTC 2025
Sun Nov 30 12:37:25 UTC 2025
Mon Dec  1 12:42:54 UTC 2025
Tue Dec  2 12:43:43 UTC 2025
Wed Dec  3 12:44:02 UTC 2025
Thu Dec  4 12:44:33 UTC 2025
Fri Dec  5 12:41:59 UTC 2025
Sat Dec  6 12:38:04 UTC 2025
Sun Dec  7 12:37:01 UTC 2025
Mon Dec  8 12:42:33 UTC 2025
Tue Dec  9 12:43:54 UTC 2025
Wed Dec 10 12:43:55 UTC 2025
Thu Dec 11 12:46:42 UTC 2025
Fri Dec 12 12:43:28 UTC 2025
Sat Dec 13 12:38:44 UTC 2025
Sun Dec 14 12:38:56 UTC 2025
Mon Dec 15 12:47:53 UTC 2025
Tue Dec 16 12:45:00 UTC 2025
Wed Dec 17 12:45:05 UTC 2025
Thu Dec 18 12:43:03 UTC 2025
Fri Dec 19 12:41:29 UTC 2025
Sat Dec 20 12:38:28 UTC 2025
Sun Dec 21 12:39:18 UTC 2025
Mon Dec 22 12:42:44 UTC 2025
Tue Dec 23 12:44:03 UTC 2025
Wed Dec 24 12:42:23 UTC 2025
Thu Dec 25 12:41:42 UTC 2025
Fri Dec 26 12:41:51 UTC 2025
Sat Dec 27 12:39:43 UTC 2025
Sun Dec 28 12:40:26 UTC 2025
Mon Dec 29 12:45:38 UTC 2025
